<?xml version="1.0" encoding="UTF-8"?>
<testng-results ignored="0" total="1" passed="1" failed="0" skipped="0">
  <reporter-output>
  </reporter-output>
  <suite started-at="2022-11-06T21:51:23 IST" name="Default suite" finished-at="2022-11-06T21:51:52 IST" duration-ms="29235">
    <groups>
    </groups>
    <test started-at="2022-11-06T21:51:23 IST" name="Default test" finished-at="2022-11-06T21:51:52 IST" duration-ms="29235">
      <class name="com.mystore.testcases.AccountCreationPageTest">
        <test-method is-config="true" signature="loadConfig()[pri:0, instance:com.mystore.testcases.AccountCreationPageTest@120f102b]" started-at="2022-11-06T21:51:23 IST" name="loadConfig" finished-at="2022-11-06T21:51:23 IST" duration-ms="20" status="PASS">
          <reporter-output>
          </reporter-output>
        </test-method> <!-- loadConfig -->
        <test-method is-config="true" signature="setUp()[pri:0, instance:com.mystore.testcases.AccountCreationPageTest@120f102b]" started-at="2022-11-06T21:51:23 IST" name="setUp" finished-at="2022-11-06T21:51:40 IST" duration-ms="17008" status="PASS">
          <reporter-output>
          </reporter-output>
        </test-method> <!-- setUp -->
        <test-method signature="verifyCreateAccountPageTest()[pri:0, instance:com.mystore.testcases.AccountCreationPageTest@120f102b]" started-at="2022-11-06T21:51:40 IST" name="verifyCreateAccountPageTest" finished-at="2022-11-06T21:51:50 IST" duration-ms="10359" status="PASS">
          <reporter-output>
          </reporter-output>
        </test-method> <!-- verifyCreateAccountPageTest -->
        <test-method is-config="true" signature="tearDown()[pri:0, instance:com.mystore.testcases.AccountCreationPageTest@120f102b]" started-at="2022-11-06T21:51:50 IST" name="tearDown" finished-at="2022-11-06T21:51:52 IST" duration-ms="1784" status="PASS">
          <reporter-output>
          </reporter-output>
        </test-method> <!-- tearDown -->
      </class> <!-- com.mystore.testcases.AccountCreationPageTest -->
    </test> <!-- Default test -->
  </suite> <!-- Default suite -->
</testng-results>
